Unity Editor version:    2022.3.16f1 (d2c21f0ef2f1)
Branch:                  2022.3/staging
Build type:              Release
Batch mode:              YES
macOS version:           Version 14.1.2 (Build 23B92)
Darwin version:          23.1.0
Architecture:            x86_64
Running under Rosetta:   YES
Available memory:        16384 MB
Using pre-set license
Pro License: YES

COMMAND LINE ARGUMENTS:
/Applications/Unity/Hub/Editor/2022.3.16f1/Unity.app/Contents/MacOS/Unity
-adb2
-batchMode
-noUpm
-name
AssetImportWorker0
-projectPath
/Users/julianna/Desktop/spring-2024-project-tuesday-dream-team-diva/Bomb-astic Rivals!
-logFile
Logs/AssetImportWorker0.log
-srvPort
53456
Successfully changed project path to: /Users/julianna/Desktop/spring-2024-project-tuesday-dream-team-diva/Bomb-astic Rivals!
/Users/julianna/Desktop/spring-2024-project-tuesday-dream-team-diva/Bomb-astic Rivals!
[UnityMemory] Configuration Parameters - Can be set up in boot.config
    "memorysetup-bucket-allocator-granularity=16"
    "memorysetup-bucket-allocator-bucket-count=8"
    "memorysetup-bucket-allocator-block-size=33554432"
    "memorysetup-bucket-allocator-block-count=8"
    "memorysetup-main-allocator-block-size=16777216"
    "memorysetup-thread-allocator-block-size=16777216"
    "memorysetup-gfx-main-allocator-block-size=16777216"
    "memorysetup-gfx-thread-allocator-block-size=16777216"
    "memorysetup-cache-allocator-block-size=4194304"
    "memorysetup-typetree-allocator-block-size=2097152"
    "memorysetup-profiler-bucket-allocator-granularity=16"
    "memorysetup-profiler-bucket-allocator-bucket-count=8"
    "memorysetup-profiler-bucket-allocator-block-size=33554432"
    "memorysetup-profiler-bucket-allocator-block-count=8"
    "memorysetup-profiler-allocator-block-size=16777216"
    "memorysetup-profiler-editor-allocator-block-size=1048576"
    "memorysetup-temp-allocator-size-main=16777216"
    "memorysetup-job-temp-allocator-block-size=2097152"
    "memorysetup-job-temp-allocator-block-size-background=1048576"
    "memorysetup-job-temp-allocator-reduction-small-platforms=262144"
    "memorysetup-allocator-temp-initial-block-size-main=262144"
    "memorysetup-allocator-temp-initial-block-size-worker=262144"
    "memorysetup-temp-allocator-size-background-worker=32768"
    "memorysetup-temp-allocator-size-job-worker=262144"
    "memorysetup-temp-allocator-size-preload-manager=33554432"
    "memorysetup-temp-allocator-size-nav-mesh-worker=65536"
    "memorysetup-temp-allocator-size-audio-worker=65536"
    "memorysetup-temp-allocator-size-cloud-worker=32768"
    "memorysetup-temp-allocator-size-gi-baking-worker=262144"
    "memorysetup-temp-allocator-size-gfx=262144"
Player connection [8782524992] Host "[IP] 192.168.0.9 [Port] 0 [Flags] 2 [Guid] 1082437607 [EditorId] 1082437607 [Version] 1048832 [Id] OSXEditor(0,Juliannas-MacBook-Pro.local) [Debug] 1 [PackageName] OSXEditor [ProjectName] Editor" joined multi-casting on [225.0.0.222:54997]...

Player connection [8782524992] Host "[IP] 192.168.0.9 [Port] 0 [Flags] 2 [Guid] 1082437607 [EditorId] 1082437607 [Version] 1048832 [Id] OSXEditor(0,Juliannas-MacBook-Pro.local) [Debug] 1 [PackageName] OSXEditor [ProjectName] Editor" joined alternative multi-casting on [225.0.0.222:34997]...

[Physics::Module] Initialized MultithreadedJobDispatcher with 7 workers.
Refreshing native plugins compatible for Editor in 9.43 ms, found 2 plugins.
Preloading 0 native plugins for Editor in 0.00 ms.
Initialize engine version: 2022.3.16f1 (d2c21f0ef2f1)
[Subsystems] Discovering subsystems at path /Applications/Unity/Hub/Editor/2022.3.16f1/Unity.app/Contents/Resources/UnitySubsystems
[Subsystems] Discovering subsystems at path /Users/julianna/Desktop/spring-2024-project-tuesday-dream-team-diva/Bomb-astic Rivals!/Assets
GfxDevice: creating device client; threaded=0; jobified=0
 preferred device: Apple M1 (high power)
Metal devices available: 1
0: Apple M1 (high power)
Using device Apple M1 (high power)
Initializing Metal device caps: Apple M1
Initialize mono
Mono path[0] = '/Applications/Unity/Hub/Editor/2022.3.16f1/Unity.app/Contents/Managed'
Mono path[1] = '/Applications/Unity/Hub/Editor/2022.3.16f1/Unity.app/Contents/MonoBleedingEdge/lib/mono/unityjit-macos'
Mono config path = '/Applications/Unity/Hub/Editor/2022.3.16f1/Unity.app/Contents/MonoBleedingEdge/etc'
Using monoOptions --debugger-agent=transport=dt_socket,embedding=1,server=y,suspend=n,address=127.0.0.1:56523
Begin MonoManager ReloadAssembly
Registering precompiled unity dll's ...
Register platform support module: /Applications/Unity/Hub/Editor/2022.3.16f1/PlaybackEngines/WebGLSupport/UnityEditor.WebGL.Extensions.dll
Register platform support module: /Applications/Unity/Hub/Editor/2022.3.16f1/Unity.app/Contents/PlaybackEngines/MacStandaloneSupport/UnityEditor.OSXStandalone.Extensions.dll
Registered in 0.003159 seconds.
- Loaded All Assemblies, in  0.643 seconds
Native extension for OSXStandalone target not found
Native extension for WebGL target not found
Mono: successfully reloaded assembly
- Finished resetting the current domain, in  1.064 seconds
Domain Reload Profiling: 1709ms
	BeginReloadAssembly (232ms)
		ExecutionOrderSort (0ms)
		DisableScriptedObjects (0ms)
		BackupInstance (0ms)
		ReleaseScriptingObjects (0ms)
		CreateAndSetChildDomain (2ms)
	RebuildCommonClasses (47ms)
	RebuildNativeTypeToScriptingClass (13ms)
	initialDomainReloadingComplete (149ms)
	LoadAllAssembliesAndSetupDomain (201ms)
		LoadAssemblies (232ms)
		RebuildTransferFunctionScriptingTraits (0ms)
		AnalyzeDomain (195ms)
			TypeCache.Refresh (191ms)
				TypeCache.ScanAssembly (174ms)
			ScanForSourceGeneratedMonoScriptInfo (1ms)
			ResolveRequiredComponents (2ms)
	FinalizeReload (1066ms)
		ReleaseScriptCaches (0ms)
		RebuildScriptCaches (0ms)
		SetupLoadedEditorAssemblies (913ms)
			LogAssemblyErrors (0ms)
			InitializePlatformSupportModulesInManaged (30ms)
			SetLoadedEditorAssemblies (16ms)
			RefreshPlugins (0ms)
			BeforeProcessingInitializeOnLoad (9ms)
			ProcessInitializeOnLoadAttributes (636ms)
			ProcessInitializeOnLoadMethodAttributes (222ms)
			AfterProcessingInitializeOnLoad (0ms)
			EditorAssembliesLoaded (0ms)
		ExecutionOrderSort2 (0ms)
		AwakeInstancesAfterBackupRestoration (0ms)
========================================================================
Worker process is ready to serve import requests
Begin MonoManager ReloadAssembly
- Loaded All Assemblies, in  1.068 seconds
Refreshing native plugins compatible for Editor in 1.06 ms, found 2 plugins.
Native extension for OSXStandalone target not found
Native extension for WebGL target not found
Package Manager log level set to [2]
[Package Manager] Server::EnsureServerProcessIsRunning -- launch failed, reason: Unity was launched with the -noUpm command-line argument
[Package Manager] UpmClient::Send -- Unable to send message (not connected to UPM process).
[Package Manager] Cannot connect to Unity Package Manager local server
Mono: successfully reloaded assembly
- Finished resetting the current domain, in  2.458 seconds
Domain Reload Profiling: 3528ms
	BeginReloadAssembly (344ms)
		ExecutionOrderSort (0ms)
		DisableScriptedObjects (45ms)
		BackupInstance (0ms)
		ReleaseScriptingObjects (0ms)
		CreateAndSetChildDomain (38ms)
	RebuildCommonClasses (51ms)
	RebuildNativeTypeToScriptingClass (14ms)
	initialDomainReloadingComplete (121ms)
	LoadAllAssembliesAndSetupDomain (538ms)
		LoadAssemblies (464ms)
		RebuildTransferFunctionScriptingTraits (0ms)
		AnalyzeDomain (231ms)
			TypeCache.Refresh (194ms)
				TypeCache.ScanAssembly (169ms)
			ScanForSourceGeneratedMonoScriptInfo (28ms)
			ResolveRequiredComponents (8ms)
	FinalizeReload (2460ms)
		ReleaseScriptCaches (0ms)
		RebuildScriptCaches (0ms)
		SetupLoadedEditorAssemblies (2095ms)
			LogAssemblyErrors (0ms)
			InitializePlatformSupportModulesInManaged (20ms)
			SetLoadedEditorAssemblies (8ms)
			RefreshPlugins (0ms)
			BeforeProcessingInitializeOnLoad (120ms)
			ProcessInitializeOnLoadAttributes (1837ms)
			ProcessInitializeOnLoadMethodAttributes (109ms)
			AfterProcessingInitializeOnLoad (1ms)
			EditorAssembliesLoaded (0ms)
		ExecutionOrderSort2 (0ms)
		AwakeInstancesAfterBackupRestoration (12ms)
Launching external process: /Applications/Unity/Hub/Editor/2022.3.16f1/Unity.app/Contents/Tools/UnityShaderCompiler
Launched and connected shader compiler UnityShaderCompiler after 0.10 seconds
Refreshing native plugins compatible for Editor in 1.19 ms, found 2 plugins.
Preloading 0 native plugins for Editor in 0.00 ms.
Unloading 3096 Unused Serialized files (Serialized files now loaded: 0)
Unloading 32 unused Assets / (51.8 KB). Loaded Objects now: 3561.
Memory consumption went from 133.9 MB to 133.9 MB.
Total: 3.765833 ms (FindLiveObjects: 0.234375 ms CreateObjectMapping: 0.086083 ms MarkObjects: 3.281875 ms  DeleteObjects: 0.162166 ms)

AssetImportParameters requested are different than current active one (requested -> active):
  custom:container-demuxer-ogg: 62fdf1f143b41e24485cea50d1cbac27 -> 
  custom:video-decoder-ogg-theora: a1e56fd34408186e4bbccfd4996cb3dc -> 
  custom:CustomObjectIndexerAttribute: 43b350a4d6e6d1791af0b5038c4bea17 -> 
  custom:container-demuxer-webm: 4f35f7cbe854078d1ac9338744f61a02 -> 
  custom:container-muxer-webm: aa71ff27fc2769a1b78a27578f13a17b -> 
  custom:video-decoder-webm-vp8: 9c59270c3fd7afecdb556c50c9e8de78 -> 
  custom:SearchIndexIgnoredProperties: e643bd26f0fe6173181afceb89e7c659 -> 
  custom:AudioImporter_EditorPlatform: 3918e3fc78b5a79bad01e8451be0beb8 -> 
  custom:framework-osx-AVFoundation: e770b220cccbd017edd2c1fefb359320 -> 
  custom:video-encoder-webm-vp8: eb34c28f22e8b96e1ab97ce403110664 -> 
  custom:audio-decoder-ogg-vorbis: bf7c407c2cedff20999df2af8eb42d56 -> 
  custom:audio-encoder-webm-vorbis: bf7c407c2cedff20999df2af8eb42d56 -> 
========================================================================
Received Import Request.
  Time since last request: 130938.378502 seconds.
  path: Assets/player.prefab
  artifactKey: Guid(8f3c4fa75e454481ab68f5a84b11a7c1) Importer(815301076,1909f56bfc062723c751e8b465ee728b)
Start importing Assets/player.prefab using Guid(8f3c4fa75e454481ab68f5a84b11a7c1) Importer(815301076,1909f56bfc062723c751e8b465ee728b)  -> (artifact id: '370fa45d90dfb27b69fd29a44f264937') in 0.065789 seconds
Number of updated asset objects reloaded before import = 0
Number of asset objects unloaded after import = 4
========================================================================
Received Import Request.
  Time since last request: 96.629919 seconds.
  path: Assets/player.prefab
  artifactKey: Guid(8f3c4fa75e454481ab68f5a84b11a7c1) Importer(815301076,1909f56bfc062723c751e8b465ee728b)
Start importing Assets/player.prefab using Guid(8f3c4fa75e454481ab68f5a84b11a7c1) Importer(815301076,1909f56bfc062723c751e8b465ee728b)  -> (artifact id: '55d5665be7000378309fb26e49e3ab85') in 0.168339 seconds
Number of updated asset objects reloaded before import = 0
Number of asset objects unloaded after import = 9
========================================================================
Received Import Request.
  Time since last request: 2.526897 seconds.
  path: Assets/player.prefab
  artifactKey: Guid(8f3c4fa75e454481ab68f5a84b11a7c1) Importer(815301076,1909f56bfc062723c751e8b465ee728b)
Start importing Assets/player.prefab using Guid(8f3c4fa75e454481ab68f5a84b11a7c1) Importer(815301076,1909f56bfc062723c751e8b465ee728b)  -> (artifact id: '28fcf0c583eced5c3e0fc089de797432') in 0.012637 seconds
Number of updated asset objects reloaded before import = 0
Number of asset objects unloaded after import = 9
========================================================================
Received Import Request.
  Time since last request: 16.577896 seconds.
  path: Assets/player.prefab
  artifactKey: Guid(8f3c4fa75e454481ab68f5a84b11a7c1) Importer(815301076,1909f56bfc062723c751e8b465ee728b)
Start importing Assets/player.prefab using Guid(8f3c4fa75e454481ab68f5a84b11a7c1) Importer(815301076,1909f56bfc062723c751e8b465ee728b)  -> (artifact id: '13f85517cbaf252d575bf9dfd1b929ec') in 0.008045 seconds
Number of updated asset objects reloaded before import = 0
Number of asset objects unloaded after import = 14
========================================================================
Received Import Request.
  Time since last request: 9.899801 seconds.
  path: Assets/player.prefab
  artifactKey: Guid(8f3c4fa75e454481ab68f5a84b11a7c1) Importer(815301076,1909f56bfc062723c751e8b465ee728b)
Start importing Assets/player.prefab using Guid(8f3c4fa75e454481ab68f5a84b11a7c1) Importer(815301076,1909f56bfc062723c751e8b465ee728b)  -> (artifact id: '2423a7b2989a770fa32fe9c44e8444e3') in 0.005601 seconds
Number of updated asset objects reloaded before import = 0
Number of asset objects unloaded after import = 14
========================================================================
Received Import Request.
  Time since last request: 6.476994 seconds.
  path: Assets/player.prefab
  artifactKey: Guid(8f3c4fa75e454481ab68f5a84b11a7c1) Importer(815301076,1909f56bfc062723c751e8b465ee728b)
Start importing Assets/player.prefab using Guid(8f3c4fa75e454481ab68f5a84b11a7c1) Importer(815301076,1909f56bfc062723c751e8b465ee728b)  -> (artifact id: 'eb7656a999fde56677e091c7eed1204b') in 0.005661 seconds
Number of updated asset objects reloaded before import = 0
Number of asset objects unloaded after import = 14
========================================================================
Received Import Request.
  Time since last request: 2.001787 seconds.
  path: Assets/player.prefab
  artifactKey: Guid(8f3c4fa75e454481ab68f5a84b11a7c1) Importer(815301076,1909f56bfc062723c751e8b465ee728b)
Start importing Assets/player.prefab using Guid(8f3c4fa75e454481ab68f5a84b11a7c1) Importer(815301076,1909f56bfc062723c751e8b465ee728b)  -> (artifact id: 'd8499f8740a31dd82eff8d8ced8e1fa7') in 0.005613 seconds
Number of updated asset objects reloaded before import = 0
Number of asset objects unloaded after import = 14
========================================================================
Received Import Request.
  Time since last request: 2.835645 seconds.
  path: Assets/player.prefab
  artifactKey: Guid(8f3c4fa75e454481ab68f5a84b11a7c1) Importer(815301076,1909f56bfc062723c751e8b465ee728b)
Start importing Assets/player.prefab using Guid(8f3c4fa75e454481ab68f5a84b11a7c1) Importer(815301076,1909f56bfc062723c751e8b465ee728b)  -> (artifact id: 'e8f6d52b7f810e706b8e17a5188e85aa') in 0.005528 seconds
Number of updated asset objects reloaded before import = 0
Number of asset objects unloaded after import = 14
========================================================================
Received Import Request.
  Time since last request: 3.837142 seconds.
  path: Assets/player.prefab
  artifactKey: Guid(8f3c4fa75e454481ab68f5a84b11a7c1) Importer(815301076,1909f56bfc062723c751e8b465ee728b)
Start importing Assets/player.prefab using Guid(8f3c4fa75e454481ab68f5a84b11a7c1) Importer(815301076,1909f56bfc062723c751e8b465ee728b)  -> (artifact id: 'd56272e94a7a1fe8d2fbbeaf9677634c') in 0.009649 seconds
Number of updated asset objects reloaded before import = 0
Number of asset objects unloaded after import = 14
========================================================================
Received Import Request.
  Time since last request: 9.476850 seconds.
  path: Assets/player.prefab
  artifactKey: Guid(8f3c4fa75e454481ab68f5a84b11a7c1) Importer(815301076,1909f56bfc062723c751e8b465ee728b)
Start importing Assets/player.prefab using Guid(8f3c4fa75e454481ab68f5a84b11a7c1) Importer(815301076,1909f56bfc062723c751e8b465ee728b)  -> (artifact id: '65986191cdb3e4da4084357755d20a3c') in 0.005485 seconds
Number of updated asset objects reloaded before import = 0
Number of asset objects unloaded after import = 14
========================================================================
Received Import Request.
  Time since last request: 10.757339 seconds.
  path: Assets/player.prefab
  artifactKey: Guid(8f3c4fa75e454481ab68f5a84b11a7c1) Importer(815301076,1909f56bfc062723c751e8b465ee728b)
Start importing Assets/player.prefab using Guid(8f3c4fa75e454481ab68f5a84b11a7c1) Importer(815301076,1909f56bfc062723c751e8b465ee728b)  -> (artifact id: 'b9abfbc46d8536c5847a80dca4e0cdb0') in 0.005299 seconds
Number of updated asset objects reloaded before import = 0
Number of asset objects unloaded after import = 14
========================================================================
Received Import Request.
  Time since last request: 8.696701 seconds.
  path: Assets/player.prefab
  artifactKey: Guid(8f3c4fa75e454481ab68f5a84b11a7c1) Importer(815301076,1909f56bfc062723c751e8b465ee728b)
Start importing Assets/player.prefab using Guid(8f3c4fa75e454481ab68f5a84b11a7c1) Importer(815301076,1909f56bfc062723c751e8b465ee728b)  -> (artifact id: 'fdb64ab78be64a333ab8dd2115b6cfba') in 0.005348 seconds
Number of updated asset objects reloaded before import = 0
Number of asset objects unloaded after import = 14
========================================================================
Received Import Request.
  Time since last request: 15.790048 seconds.
  path: Assets/player.prefab
  artifactKey: Guid(8f3c4fa75e454481ab68f5a84b11a7c1) Importer(815301076,1909f56bfc062723c751e8b465ee728b)
Start importing Assets/player.prefab using Guid(8f3c4fa75e454481ab68f5a84b11a7c1) Importer(815301076,1909f56bfc062723c751e8b465ee728b)  -> (artifact id: 'ed9689fbb9dd12bf0d1a5d47c6aab3a3') in 0.005531 seconds
Number of updated asset objects reloaded before import = 0
Number of asset objects unloaded after import = 14
========================================================================
Received Import Request.
  Time since last request: 27.701589 seconds.
  path: Assets/player.prefab
  artifactKey: Guid(8f3c4fa75e454481ab68f5a84b11a7c1) Importer(815301076,1909f56bfc062723c751e8b465ee728b)
Start importing Assets/player.prefab using Guid(8f3c4fa75e454481ab68f5a84b11a7c1) Importer(815301076,1909f56bfc062723c751e8b465ee728b)  -> (artifact id: 'ee5a95e60480022ff745bf7e23185635') in 0.005585 seconds
Number of updated asset objects reloaded before import = 0
Number of asset objects unloaded after import = 14
========================================================================
Received Import Request.
  Time since last request: 29.609110 seconds.
  path: Assets/player.prefab
  artifactKey: Guid(8f3c4fa75e454481ab68f5a84b11a7c1) Importer(815301076,1909f56bfc062723c751e8b465ee728b)
Start importing Assets/player.prefab using Guid(8f3c4fa75e454481ab68f5a84b11a7c1) Importer(815301076,1909f56bfc062723c751e8b465ee728b)  -> (artifact id: 'b55b44026301f7669af46cd6013f1f16') in 0.005596 seconds
Number of updated asset objects reloaded before import = 0
Number of asset objects unloaded after import = 14
========================================================================
Received Import Request.
  Time since last request: 24.868368 seconds.
  path: Assets/player.prefab
  artifactKey: Guid(8f3c4fa75e454481ab68f5a84b11a7c1) Importer(815301076,1909f56bfc062723c751e8b465ee728b)
Start importing Assets/player.prefab using Guid(8f3c4fa75e454481ab68f5a84b11a7c1) Importer(815301076,1909f56bfc062723c751e8b465ee728b)  -> (artifact id: '728e1d1498ce7acadf99fe7b8a6dceff') in 0.005195 seconds
Number of updated asset objects reloaded before import = 0
Number of asset objects unloaded after import = 14
========================================================================
Received Import Request.
  Time since last request: 21.047390 seconds.
  path: Assets/player.prefab
  artifactKey: Guid(8f3c4fa75e454481ab68f5a84b11a7c1) Importer(815301076,1909f56bfc062723c751e8b465ee728b)
Start importing Assets/player.prefab using Guid(8f3c4fa75e454481ab68f5a84b11a7c1) Importer(815301076,1909f56bfc062723c751e8b465ee728b)  -> (artifact id: 'f2b76991c6c3d8d203f03b6fc55d05e3') in 0.005390 seconds
Number of updated asset objects reloaded before import = 0
Number of asset objects unloaded after import = 14
========================================================================
Received Import Request.
  Time since last request: 16.168418 seconds.
  path: Assets/player.prefab
  artifactKey: Guid(8f3c4fa75e454481ab68f5a84b11a7c1) Importer(815301076,1909f56bfc062723c751e8b465ee728b)
Start importing Assets/player.prefab using Guid(8f3c4fa75e454481ab68f5a84b11a7c1) Importer(815301076,1909f56bfc062723c751e8b465ee728b)  -> (artifact id: 'f4f1f066192cf7fe5163b73428056750') in 0.005842 seconds
Number of updated asset objects reloaded before import = 0
Number of asset objects unloaded after import = 14
========================================================================
Received Import Request.
  Time since last request: 20.628515 seconds.
  path: Assets/player.prefab
  artifactKey: Guid(8f3c4fa75e454481ab68f5a84b11a7c1) Importer(815301076,1909f56bfc062723c751e8b465ee728b)
Start importing Assets/player.prefab using Guid(8f3c4fa75e454481ab68f5a84b11a7c1) Importer(815301076,1909f56bfc062723c751e8b465ee728b)  -> (artifact id: '7e96445ae292823af2494b028295da35') in 0.005619 seconds
Number of updated asset objects reloaded before import = 0
Number of asset objects unloaded after import = 14
========================================================================
Received Import Request.
  Time since last request: 7.870946 seconds.
  path: Assets/player.prefab
  artifactKey: Guid(8f3c4fa75e454481ab68f5a84b11a7c1) Importer(815301076,1909f56bfc062723c751e8b465ee728b)
Start importing Assets/player.prefab using Guid(8f3c4fa75e454481ab68f5a84b11a7c1) Importer(815301076,1909f56bfc062723c751e8b465ee728b)  -> (artifact id: 'ee8183e77bf5f8e654c9658fe93096c1') in 0.005334 seconds
Number of updated asset objects reloaded before import = 0
Number of asset objects unloaded after import = 14
========================================================================
Received Import Request.
  Time since last request: 12.148512 seconds.
  path: Assets/player.prefab
  artifactKey: Guid(8f3c4fa75e454481ab68f5a84b11a7c1) Importer(815301076,1909f56bfc062723c751e8b465ee728b)
Start importing Assets/player.prefab using Guid(8f3c4fa75e454481ab68f5a84b11a7c1) Importer(815301076,1909f56bfc062723c751e8b465ee728b)  -> (artifact id: 'f8997c1d40a7d89ac593f46f133b00ff') in 0.005632 seconds
Number of updated asset objects reloaded before import = 0
Number of asset objects unloaded after import = 14
========================================================================
Received Import Request.
  Time since last request: 37.024223 seconds.
  path: Assets/player.prefab
  artifactKey: Guid(8f3c4fa75e454481ab68f5a84b11a7c1) Importer(815301076,1909f56bfc062723c751e8b465ee728b)
Start importing Assets/player.prefab using Guid(8f3c4fa75e454481ab68f5a84b11a7c1) Importer(815301076,1909f56bfc062723c751e8b465ee728b)  -> (artifact id: '05377a43dcabebbc5a5413f23decba7a') in 0.005964 seconds
Number of updated asset objects reloaded before import = 0
Number of asset objects unloaded after import = 14
========================================================================
Received Import Request.
  Time since last request: 2.412224 seconds.
  path: Assets/player.prefab
  artifactKey: Guid(8f3c4fa75e454481ab68f5a84b11a7c1) Importer(815301076,1909f56bfc062723c751e8b465ee728b)
Start importing Assets/player.prefab using Guid(8f3c4fa75e454481ab68f5a84b11a7c1) Importer(815301076,1909f56bfc062723c751e8b465ee728b)  -> (artifact id: 'b6b449a3da5c1a4ba93c74c4e3b40100') in 0.005610 seconds
Number of updated asset objects reloaded before import = 0
Number of asset objects unloaded after import = 14
========================================================================
Received Import Request.
  Time since last request: 6.059784 seconds.
  path: Assets/player.prefab
  artifactKey: Guid(8f3c4fa75e454481ab68f5a84b11a7c1) Importer(815301076,1909f56bfc062723c751e8b465ee728b)
Start importing Assets/player.prefab using Guid(8f3c4fa75e454481ab68f5a84b11a7c1) Importer(815301076,1909f56bfc062723c751e8b465ee728b)  -> (artifact id: 'eb8816857ac8744db15bed39fad46b7b') in 0.005512 seconds
Number of updated asset objects reloaded before import = 0
Number of asset objects unloaded after import = 14
========================================================================
Received Import Request.
  Time since last request: 11.711842 seconds.
  path: Assets/player.prefab
  artifactKey: Guid(8f3c4fa75e454481ab68f5a84b11a7c1) Importer(815301076,1909f56bfc062723c751e8b465ee728b)
Start importing Assets/player.prefab using Guid(8f3c4fa75e454481ab68f5a84b11a7c1) Importer(815301076,1909f56bfc062723c751e8b465ee728b)  -> (artifact id: '9cb54d585e4b8588eac2633aa111c3c9') in 0.005581 seconds
Number of updated asset objects reloaded before import = 0
Number of asset objects unloaded after import = 14
========================================================================
Received Import Request.
  Time since last request: 5.653750 seconds.
  path: Assets/player.prefab
  artifactKey: Guid(8f3c4fa75e454481ab68f5a84b11a7c1) Importer(815301076,1909f56bfc062723c751e8b465ee728b)
Start importing Assets/player.prefab using Guid(8f3c4fa75e454481ab68f5a84b11a7c1) Importer(815301076,1909f56bfc062723c751e8b465ee728b)  -> (artifact id: 'dac066514debec7ef08684e1c138cac7') in 0.005229 seconds
Number of updated asset objects reloaded before import = 0
Number of asset objects unloaded after import = 14
========================================================================
Received Import Request.
  Time since last request: 2.624936 seconds.
  path: Assets/player.prefab
  artifactKey: Guid(8f3c4fa75e454481ab68f5a84b11a7c1) Importer(815301076,1909f56bfc062723c751e8b465ee728b)
Start importing Assets/player.prefab using Guid(8f3c4fa75e454481ab68f5a84b11a7c1) Importer(815301076,1909f56bfc062723c751e8b465ee728b)  -> (artifact id: '7750f89827fa764171140e494b09120a') in 0.005379 seconds
Number of updated asset objects reloaded before import = 0
Number of asset objects unloaded after import = 14
========================================================================
Received Import Request.
  Time since last request: 3.428025 seconds.
  path: Assets/player.prefab
  artifactKey: Guid(8f3c4fa75e454481ab68f5a84b11a7c1) Importer(815301076,1909f56bfc062723c751e8b465ee728b)
Start importing Assets/player.prefab using Guid(8f3c4fa75e454481ab68f5a84b11a7c1) Importer(815301076,1909f56bfc062723c751e8b465ee728b)  -> (artifact id: 'dded829422f44ea4a86f1e519e51d3e5') in 0.005080 seconds
Number of updated asset objects reloaded before import = 0
Number of asset objects unloaded after import = 14
========================================================================
Received Import Request.
  Time since last request: 3.842854 seconds.
  path: Assets/player.prefab
  artifactKey: Guid(8f3c4fa75e454481ab68f5a84b11a7c1) Importer(815301076,1909f56bfc062723c751e8b465ee728b)
Start importing Assets/player.prefab using Guid(8f3c4fa75e454481ab68f5a84b11a7c1) Importer(815301076,1909f56bfc062723c751e8b465ee728b)  -> (artifact id: '016998dc370b71096e140b256df57cd6') in 0.005344 seconds
Number of updated asset objects reloaded before import = 0
Number of asset objects unloaded after import = 14
========================================================================
Received Import Request.
  Time since last request: 48.395576 seconds.
  path: Assets/player.prefab
  artifactKey: Guid(8f3c4fa75e454481ab68f5a84b11a7c1) Importer(815301076,1909f56bfc062723c751e8b465ee728b)
Start importing Assets/player.prefab using Guid(8f3c4fa75e454481ab68f5a84b11a7c1) Importer(815301076,1909f56bfc062723c751e8b465ee728b)  -> (artifact id: '8244b62a5aa54baac7da19dd49ddeeb6') in 0.005747 seconds
Number of updated asset objects reloaded before import = 0
Number of asset objects unloaded after import = 9
========================================================================
Received Import Request.
  Time since last request: 11.572536 seconds.
  path: Assets/player.prefab
  artifactKey: Guid(8f3c4fa75e454481ab68f5a84b11a7c1) Importer(815301076,1909f56bfc062723c751e8b465ee728b)
Start importing Assets/player.prefab using Guid(8f3c4fa75e454481ab68f5a84b11a7c1) Importer(815301076,1909f56bfc062723c751e8b465ee728b)  -> (artifact id: '94ca6586708577ebb06cae166c37879d') in 0.005669 seconds
Number of updated asset objects reloaded before import = 0
Number of asset objects unloaded after import = 9
========================================================================
Received Import Request.
  Time since last request: 7.445175 seconds.
  path: Assets/player.prefab
  artifactKey: Guid(8f3c4fa75e454481ab68f5a84b11a7c1) Importer(815301076,1909f56bfc062723c751e8b465ee728b)
Start importing Assets/player.prefab using Guid(8f3c4fa75e454481ab68f5a84b11a7c1) Importer(815301076,1909f56bfc062723c751e8b465ee728b)  -> (artifact id: 'd9279702fc92a9a66533cb0a327ff73f') in 0.005235 seconds
Number of updated asset objects reloaded before import = 0
Number of asset objects unloaded after import = 9
========================================================================
Received Import Request.
  Time since last request: 32.471623 seconds.
  path: Assets/player.prefab
  artifactKey: Guid(8f3c4fa75e454481ab68f5a84b11a7c1) Importer(815301076,1909f56bfc062723c751e8b465ee728b)
Start importing Assets/player.prefab using Guid(8f3c4fa75e454481ab68f5a84b11a7c1) Importer(815301076,1909f56bfc062723c751e8b465ee728b)  -> (artifact id: 'e28c8ebf4160c75bdb23d7c8bed41bb2') in 0.005663 seconds
Number of updated asset objects reloaded before import = 0
Number of asset objects unloaded after import = 14
========================================================================
Received Import Request.
  Time since last request: 7.258360 seconds.
  path: Assets/player.prefab
  artifactKey: Guid(8f3c4fa75e454481ab68f5a84b11a7c1) Importer(815301076,1909f56bfc062723c751e8b465ee728b)
Start importing Assets/player.prefab using Guid(8f3c4fa75e454481ab68f5a84b11a7c1) Importer(815301076,1909f56bfc062723c751e8b465ee728b)  -> (artifact id: '1ab6bb883bde539cb34a2a041adb4ab4') in 0.006465 seconds
Number of updated asset objects reloaded before import = 0
Number of asset objects unloaded after import = 14
========================================================================
Received Import Request.
  Time since last request: 6.260653 seconds.
  path: Assets/player.prefab
  artifactKey: Guid(8f3c4fa75e454481ab68f5a84b11a7c1) Importer(815301076,1909f56bfc062723c751e8b465ee728b)
Start importing Assets/player.prefab using Guid(8f3c4fa75e454481ab68f5a84b11a7c1) Importer(815301076,1909f56bfc062723c751e8b465ee728b)  -> (artifact id: '05e1cdfb56df3ff6d3dd90bd1dcb6a89') in 0.006074 seconds
Number of updated asset objects reloaded before import = 0
Number of asset objects unloaded after import = 14
========================================================================
Received Import Request.
  Time since last request: 14.974676 seconds.
  path: Assets/player.prefab
  artifactKey: Guid(8f3c4fa75e454481ab68f5a84b11a7c1) Importer(815301076,1909f56bfc062723c751e8b465ee728b)
Start importing Assets/player.prefab using Guid(8f3c4fa75e454481ab68f5a84b11a7c1) Importer(815301076,1909f56bfc062723c751e8b465ee728b)  -> (artifact id: 'd670e7421ada3a8026e205574a1ee941') in 0.006491 seconds
Number of updated asset objects reloaded before import = 0
Number of asset objects unloaded after import = 14
========================================================================
Received Import Request.
  Time since last request: 1.398961 seconds.
  path: Assets/player.prefab
  artifactKey: Guid(8f3c4fa75e454481ab68f5a84b11a7c1) Importer(815301076,1909f56bfc062723c751e8b465ee728b)
Start importing Assets/player.prefab using Guid(8f3c4fa75e454481ab68f5a84b11a7c1) Importer(815301076,1909f56bfc062723c751e8b465ee728b)  -> (artifact id: '4f706a34473171b419311bf9711b5a68') in 0.006343 seconds
Number of updated asset objects reloaded before import = 0
Number of asset objects unloaded after import = 14
